<?xml version="1.0" encoding="UTF-8"?>
<testsuite name="agh.ii.prinjava.lab04.exc04_02.impl.MyQueueDLLBImplTest" tests="1" skipped="0" failures="0" errors="0" timestamp="2021-10-20T16:56:31" hostname="LAPTOP-AFUF7EHL" time="0.001">
  <properties/>
  <testcase name="newQueueIsEmpty()" classname="agh.ii.prinjava.lab04.exc04_02.impl.MyQueueDLLBImplTest" time="0.001"/>
  <system-out><![CDATA[]]></system-out>
  <system-err><![CDATA[]]></system-err>
</testsuite>
